<?xml version="1.0" encoding="UTF-8"?>
<testsuite xmlns:xsi="http://www.w3.org/2001/XMLSchema-instance" xsi:noNamespaceSchemaLocation="https://maven.apache.org/surefire/maven-surefire-plugin/xsd/surefire-test-report-3.0.xsd" version="3.0" name="org.example.denemeComponentComponentTest" time="0.571" tests="1" errors="0" skipped="0" failures="0">
  <properties>
    <property name="sun.desktop" value="windows"/>
    <property name="awt.toolkit" value="sun.awt.windows.WToolkit"/>
    <property name="file.encoding.pkg" value="sun.io"/>
    <property name="java.specification.version" value="1.8"/>
    <property name="sun.cpu.isalist" value="amd64"/>
    <property name="sun.jnu.encoding" value="Cp1254"/>
    <property name="java.class.path" value="C:\Users\10118181\IdeaProjects\untitled\target\test-classes;C:\Users\10118181\IdeaProjects\untitled\target\classes;C:\Users\10118181\.m2\repository\com\sap\cloud\adk\com.sap.cloud.adk.build.archive\1.38.0\com.sap.cloud.adk.build.archive-1.38.0.jar;C:\Users\10118181\.m2\repository\org\apache\maven\maven-plugin-api\2.0\maven-plugin-api-2.0.jar;C:\Users\10118181\.m2\repository\org\apache\aries\subsystem\org.apache.aries.subsystem.api\1.1.0\org.apache.aries.subsystem.api-1.1.0.jar;C:\Users\10118181\.m2\repository\org\apache\aries\org.apache.aries.util\1.1.0\org.apache.aries.util-1.1.0.jar;C:\Users\10118181\.m2\repository\org\ow2\asm\asm\6.2.1\asm-6.2.1.jar;C:\Users\10118181\.m2\repository\commons-io\commons-io\2.6\commons-io-2.6.jar;C:\Users\10118181\.m2\repository\org\apache\commons\commons-lang3\3.1\commons-lang3-3.1.jar;C:\Users\10118181\.m2\repository\org\apache\camel\camel-core\2.24.2\camel-core-2.24.2.jar;C:\Users\10118181\.m2\repository\com\sun\xml\bind\jaxb-core\2.3.0\jaxb-core-2.3.0.jar;C:\Users\10118181\.m2\repository\com\sun\xml\bind\jaxb-impl\2.3.0\jaxb-impl-2.3.0.jar;C:\Users\10118181\.m2\repository\org\apache\camel\camel-test\2.24.2\camel-test-2.24.2.jar;C:\Users\10118181\.m2\repository\junit\junit\4.12\junit-4.12.jar;C:\Users\10118181\.m2\repository\org\hamcrest\hamcrest-core\1.3\hamcrest-core-1.3.jar;C:\Users\10118181\.m2\repository\com\sap\cloud\adk\generic.api\3.12.0\generic.api-3.12.0.jar;C:\Users\10118181\.m2\repository\org\osgi\osgi.cmpn\6.0.0\osgi.cmpn-6.0.0.jar;C:\Users\10118181\.m2\repository\org\json\json\20230618\json-20230618.jar;C:\Users\10118181\.m2\repository\org\slf4j\slf4j-api\1.6.1\slf4j-api-1.6.1.jar;C:\Users\10118181\.m2\repository\org\slf4j\slf4j-log4j12\1.6.1\slf4j-log4j12-1.6.1.jar;C:\Users\10118181\.m2\repository\log4j\log4j\1.2.16\log4j-1.2.16.jar;"/>
    <property name="java.vm.vendor" value="Oracle Corporation"/>
    <property name="sun.arch.data.model" value="64"/>
    <property name="user.variant" value=""/>
    <property name="java.vendor.url" value="http://java.oracle.com/"/>
    <property name="user.timezone" value="Asia/Istanbul"/>
    <property name="java.vm.specification.version" value="1.8"/>
    <property name="os.name" value="Windows 10"/>
    <property name="user.country" value="US"/>
    <property name="sun.java.launcher" value="SUN_STANDARD"/>
    <property name="sun.boot.library.path" value="C:\Program Files\Java\jdk1.8.0_202\jre\bin"/>
    <property name="sun.java.command" value="C:\Users\10118181\AppData\Local\Temp\surefire8627567061647196070\surefirebooter6747290833572234040.jar C:\Users\10118181\AppData\Local\Temp\surefire8627567061647196070 2023-08-17T13-06-34_324-jvmRun1 surefire5215912318854504567tmp surefire_04145501753106383040tmp"/>
    <property name="surefire.test.class.path" value="C:\Users\10118181\IdeaProjects\untitled\target\test-classes;C:\Users\10118181\IdeaProjects\untitled\target\classes;C:\Users\10118181\.m2\repository\com\sap\cloud\adk\com.sap.cloud.adk.build.archive\1.38.0\com.sap.cloud.adk.build.archive-1.38.0.jar;C:\Users\10118181\.m2\repository\org\apache\maven\maven-plugin-api\2.0\maven-plugin-api-2.0.jar;C:\Users\10118181\.m2\repository\org\apache\aries\subsystem\org.apache.aries.subsystem.api\1.1.0\org.apache.aries.subsystem.api-1.1.0.jar;C:\Users\10118181\.m2\repository\org\apache\aries\org.apache.aries.util\1.1.0\org.apache.aries.util-1.1.0.jar;C:\Users\10118181\.m2\repository\org\ow2\asm\asm\6.2.1\asm-6.2.1.jar;C:\Users\10118181\.m2\repository\commons-io\commons-io\2.6\commons-io-2.6.jar;C:\Users\10118181\.m2\repository\org\apache\commons\commons-lang3\3.1\commons-lang3-3.1.jar;C:\Users\10118181\.m2\repository\org\apache\camel\camel-core\2.24.2\camel-core-2.24.2.jar;C:\Users\10118181\.m2\repository\com\sun\xml\bind\jaxb-core\2.3.0\jaxb-core-2.3.0.jar;C:\Users\10118181\.m2\repository\com\sun\xml\bind\jaxb-impl\2.3.0\jaxb-impl-2.3.0.jar;C:\Users\10118181\.m2\repository\org\apache\camel\camel-test\2.24.2\camel-test-2.24.2.jar;C:\Users\10118181\.m2\repository\junit\junit\4.12\junit-4.12.jar;C:\Users\10118181\.m2\repository\org\hamcrest\hamcrest-core\1.3\hamcrest-core-1.3.jar;C:\Users\10118181\.m2\repository\com\sap\cloud\adk\generic.api\3.12.0\generic.api-3.12.0.jar;C:\Users\10118181\.m2\repository\org\osgi\osgi.cmpn\6.0.0\osgi.cmpn-6.0.0.jar;C:\Users\10118181\.m2\repository\org\json\json\20230618\json-20230618.jar;C:\Users\10118181\.m2\repository\org\slf4j\slf4j-api\1.6.1\slf4j-api-1.6.1.jar;C:\Users\10118181\.m2\repository\org\slf4j\slf4j-log4j12\1.6.1\slf4j-log4j12-1.6.1.jar;C:\Users\10118181\.m2\repository\log4j\log4j\1.2.16\log4j-1.2.16.jar;"/>
    <property name="sun.cpu.endian" value="little"/>
    <property name="user.home" value="C:\Users\10118181"/>
    <property name="user.language" value="en"/>
    <property name="java.specification.vendor" value="Oracle Corporation"/>
    <property name="java.home" value="C:\Program Files\Java\jdk1.8.0_202\jre"/>
    <property name="basedir" value="C:\Users\10118181\IdeaProjects\untitled"/>
    <property name="file.separator" value="\"/>
    <property name="line.separator" value="&#10;"/>
    <property name="java.vm.specification.vendor" value="Oracle Corporation"/>
    <property name="java.specification.name" value="Java Platform API Specification"/>
    <property name="java.awt.graphicsenv" value="sun.awt.Win32GraphicsEnvironment"/>
    <property name="surefire.real.class.path" value="C:\Users\10118181\AppData\Local\Temp\surefire8627567061647196070\surefirebooter6747290833572234040.jar"/>
    <property name="sun.boot.class.path" value="C:\Program Files\Java\jdk1.8.0_202\jre\lib\resources.jar;C:\Program Files\Java\jdk1.8.0_202\jre\lib\rt.jar;C:\Program Files\Java\jdk1.8.0_202\jre\lib\sunrsasign.jar;C:\Program Files\Java\jdk1.8.0_202\jre\lib\jsse.jar;C:\Program Files\Java\jdk1.8.0_202\jre\lib\jce.jar;C:\Program Files\Java\jdk1.8.0_202\jre\lib\charsets.jar;C:\Program Files\Java\jdk1.8.0_202\jre\lib\jfr.jar;C:\Program Files\Java\jdk1.8.0_202\jre\classes"/>
    <property name="user.script" value=""/>
    <property name="sun.management.compiler" value="HotSpot 64-Bit Tiered Compilers"/>
    <property name="java.runtime.version" value="1.8.0_202-b08"/>
    <property name="user.name" value="10118181"/>
    <property name="path.separator" value=";"/>
    <property name="os.version" value="10.0"/>
    <property name="java.endorsed.dirs" value="C:\Program Files\Java\jdk1.8.0_202\jre\lib\endorsed"/>
    <property name="java.runtime.name" value="Java(TM) SE Runtime Environment"/>
    <property name="file.encoding" value="Cp1254"/>
    <property name="java.vm.name" value="Java HotSpot(TM) 64-Bit Server VM"/>
    <property name="localRepository" value="C:\Users\10118181\.m2\repository"/>
    <property name="java.vendor.url.bug" value="http://bugreport.sun.com/bugreport/"/>
    <property name="java.io.tmpdir" value="C:\Users\10118181\AppData\Local\Temp\"/>
    <property name="java.version" value="1.8.0_202"/>
    <property name="user.dir" value="C:\Users\10118181\IdeaProjects\untitled"/>
    <property name="os.arch" value="amd64"/>
    <property name="java.vm.specification.name" value="Java Virtual Machine Specification"/>
    <property name="java.awt.printerjob" value="sun.awt.windows.WPrinterJob"/>
    <property name="sun.os.patch.level" value=""/>
    <property name="java.library.path" value="C:\Program Files\Java\jdk1.8.0_202\jre\bin;C:\WINDOWS\Sun\Java\bin;C:\WINDOWS\system32;C:\WINDOWS;C:\Program Files (x86)\Common Files\Oracle\Java\javapath;C:\WINDOWS\system32;C:\WINDOWS;C:\WINDOWS\System32\Wbem;C:\WINDOWS\System32\WindowsPowerShell\v1.0\;C:\WINDOWS\System32\OpenSSH\;C:\Program Files\Java\jdk1.8.0_202\bin;C:\Users\10118181\Documents\Software\apache-maven-3.9.2\bin;C:\Users\10118181\AppData\Local\Microsoft\WindowsApps;;."/>
    <property name="java.vm.info" value="mixed mode"/>
    <property name="java.vendor" value="Oracle Corporation"/>
    <property name="java.vm.version" value="25.202-b08"/>
    <property name="java.ext.dirs" value="C:\Program Files\Java\jdk1.8.0_202\jre\lib\ext;C:\WINDOWS\Sun\Java\lib\ext"/>
    <property name="sun.io.unicode.encoding" value="UnicodeLittle"/>
    <property name="java.class.version" value="52.0"/>
  </properties>
  <testcase name="testSample" classname="org.example.denemeComponentComponentTest" time="0.49">
    <system-err><![CDATA[log4j:WARN No appenders could be found for logger (org.example.denemeComponentComponentTest).
log4j:WARN Please initialize the log4j system properly.
log4j:WARN See http://logging.apache.org/log4j/1.2/faq.html#noconfig for more info.
]]></system-err>
  </testcase>
</testsuite>